# JRE version: OpenJDK Runtime Environment (8.0_212-b01) (build 1.8.0_212-8u212-b01-1-b01)
# Java VM: OpenJDK 64-Bit Server VM (25.212-b01 mixed mode linux-amd64 compressed oops)
Heap:
 PSYoungGen      total 1965568K, used 0K [0x0000000740000000, 0x00000007c0000000, 0x00000007c0000000)
  eden space 1838080K, 0% used [0x0000000740000000,0x0000000740000000,0x00000007b0300000)
  from space 127488K, 0% used [0x00000007b8380000,0x00000007b8380000,0x00000007c0000000)
  to   space 129536K, 0% used [0x00000007b0300000,0x00000007b0300000,0x00000007b8180000)
 ParOldGen       total 3194368K, used 2735567K [0x0000000640000000, 0x0000000702f80000, 0x0000000740000000)
  object space 3194368K, 85% used [0x0000000640000000,0x00000006e6f73db8,0x0000000702f80000)
 Metaspace       used 60518K, capacity 67427K, committed 67760K, reserved 1107968K
  class space    used 8015K, capacity 9540K, committed 9648K, reserved 1048576K
GC Heap History (10 events):
Event: 87493.485 GC heap after
Heap after GC invocations=3116 (full 6):
 PSYoungGen      total 1973248K, used 86496K [0x0000000740000000, 0x00000007c0000000, 0x00000007c0000000)
  eden space 1850368K, 0% used [0x0000000740000000,0x0000000740000000,0x00000007b0f00000)
  from space 122880K, 70% used [0x00000007b8800000,0x00000007bdc780e8,0x00000007c0000000)
  to   space 123392K, 0% used [0x00000007b0f00000,0x00000007b0f00000,0x00000007b8780000)
 ParOldGen       total 3194368K, used 3157095K [0x0000000640000000, 0x0000000702f80000, 0x0000000740000000)
  object space 3194368K, 98% used [0x0000000640000000,0x0000000700b19e10,0x0000000702f80000)
 Metaspace       used 60518K, capacity 67427K, committed 67760K, reserved 1107968K
  class space    used 8015K, capacity 9540K, committed 9648K, reserved 1048576K
}
Event: 87503.671 GC heap before
{Heap before GC invocations=3117 (full 6):
 PSYoungGen      total 1973248K, used 1936864K [0x0000000740000000, 0x00000007c0000000, 0x00000007c0000000)
  eden space 1850368K, 100% used [0x0000000740000000,0x00000007b0f00000,0x00000007b0f00000)
  from space 122880K, 70% used [0x00000007b8800000,0x00000007bdc780e8,0x00000007c0000000)
  to   space 123392K, 0% used [0x00000007b0f00000,0x00000007b0f00000,0x00000007b8780000)
 ParOldGen       total 3194368K, used 3157095K [0x0000000640000000, 0x0000000702f80000, 0x0000000740000000)
  object space 3194368K, 98% used [0x0000000640000000,0x0000000700b19e10,0x0000000702f80000)
 Metaspace       used 60518K, capacity 67427K, committed 67760K, reserved 1107968K
  class space    used 8015K, capacity 9540K, committed 9648K, reserved 1048576K
Event: 87503.733 GC heap after
Heap after GC invocations=3117 (full 6):
 PSYoungGen      total 1933312K, used 82464K [0x0000000740000000, 0x00000007c0000000, 0x00000007c0000000)
  eden space 1850368K, 0% used [0x0000000740000000,0x0000000740000000,0x00000007b0f00000)
  from space 82944K, 99% used [0x00000007b0f00000,0x00000007b5f880e8,0x00000007b6000000)
  to   space 124416K, 0% used [0x00000007b8680000,0x00000007b8680000,0x00000007c0000000)
 ParOldGen       total 3194368K, used 3161919K [0x0000000640000000, 0x0000000702f80000, 0x0000000740000000)
  object space 3194368K, 98% used [0x0000000640000000,0x0000000700fcfe10,0x0000000702f80000)
 Metaspace       used 60518K, capacity 67427K, committed 67760K, reserved 1107968K
  class space    used 8015K, capacity 9540K, committed 9648K, reserved 1048576K
}
Event: 87513.823 GC heap before
{Heap before GC invocations=3118 (full 6):
 PSYoungGen      total 1933312K, used 1932832K [0x0000000740000000, 0x00000007c0000000, 0x00000007c0000000)
  eden space 1850368K, 100% used [0x0000000740000000,0x00000007b0f00000,0x00000007b0f00000)
  from space 82944K, 99% used [0x00000007b0f00000,0x00000007b5f880e8,0x00000007b6000000)
  to   space 124416K, 0% used [0x00000007b8680000,0x00000007b8680000,0x00000007c0000000)
 ParOldGen       total 3194368K, used 3161919K [0x0000000640000000, 0x0000000702f80000, 0x0000000740000000)
  object space 3194368K, 98% used [0x0000000640000000,0x0000000700fcfe10,0x0000000702f80000)
 Metaspace       used 60518K, capacity 67427K, committed 67760K, reserved 1107968K
  class space    used 8015K, capacity 9540K, committed 9648K, reserved 1048576K
Event: 87513.912 GC heap after
Heap after GC invocations=3118 (full 6):
 PSYoungGen      total 1969664K, used 78080K [0x0000000740000000, 0x00000007c0000000, 0x00000007c0000000)
  eden space 1845248K, 0% used [0x0000000740000000,0x0000000740000000,0x00000007b0a00000)
  from space 124416K, 62% used [0x00000007b8680000,0x00000007bd2c00e8,0x00000007c0000000)
  to   space 125952K, 0% used [0x00000007b0a00000,0x00000007b0a00000,0x00000007b8500000)
 ParOldGen       total 3194368K, used 3167343K [0x0000000640000000, 0x0000000702f80000, 0x0000000740000000)
  object space 3194368K, 99% used [0x0000000640000000,0x000000070151be10,0x0000000702f80000)
 Metaspace       used 60518K, capacity 67427K, committed 67760K, reserved 1107968K
  class space    used 8015K, capacity 9540K, committed 9648K, reserved 1048576K
}
Event: 87524.001 GC heap before
{Heap before GC invocations=3119 (full 6):
 PSYoungGen      total 1969664K, used 1923328K [0x0000000740000000, 0x00000007c0000000, 0x00000007c0000000)
  eden space 1845248K, 100% used [0x0000000740000000,0x00000007b0a00000,0x00000007b0a00000)
  from space 124416K, 62% used [0x00000007b8680000,0x00000007bd2c00e8,0x00000007c0000000)
  to   space 125952K, 0% used [0x00000007b0a00000,0x00000007b0a00000,0x00000007b8500000)
 ParOldGen       total 3194368K, used 3167343K [0x0000000640000000, 0x0000000702f80000, 0x0000000740000000)
  object space 3194368K, 99% used [0x0000000640000000,0x000000070151be10,0x0000000702f80000)
 Metaspace       used 60518K, capacity 67427K, committed 67760K, reserved 1107968K
  class space    used 8015K, capacity 9540K, committed 9648K, reserved 1048576K
Event: 87524.070 GC heap after
Heap after GC invocations=3119 (full 6):
 PSYoungGen      total 1915904K, used 70528K [0x0000000740000000, 0x00000007c0000000, 0x00000007c0000000)
  eden space 1845248K, 0% used [0x0000000740000000,0x0000000740000000,0x00000007b0a00000)
  from space 70656K, 99% used [0x00000007b0a00000,0x00000007b4ee00e8,0x00000007b4f00000)
  to   space 127488K, 0% used [0x00000007b8380000,0x00000007b8380000,0x00000007c0000000)
 ParOldGen       total 3194368K, used 3177271K [0x0000000640000000, 0x0000000702f80000, 0x0000000740000000)
  object space 3194368K, 99% used [0x0000000640000000,0x0000000701ecdec8,0x0000000702f80000)
 Metaspace       used 60518K, capacity 67427K, committed 67760K, reserved 1107968K
  class space    used 8015K, capacity 9540K, committed 9648K, reserved 1048576K
}
Event: 87533.840 GC heap before
{Heap before GC invocations=3120 (full 6):
 PSYoungGen      total 1915904K, used 1915776K [0x0000000740000000, 0x00000007c0000000, 0x00000007c0000000)
  eden space 1845248K, 100% used [0x0000000740000000,0x00000007b0a00000,0x00000007b0a00000)
  from space 70656K, 99% used [0x00000007b0a00000,0x00000007b4ee00e8,0x00000007b4f00000)
  to   space 127488K, 0% used [0x00000007b8380000,0x00000007b8380000,0x00000007c0000000)
 ParOldGen       total 3194368K, used 3177271K [0x0000000640000000, 0x0000000702f80000, 0x0000000740000000)
  object space 3194368K, 99% used [0x0000000640000000,0x0000000701ecdec8,0x0000000702f80000)
 Metaspace       used 60518K, capacity 67427K, committed 67760K, reserved 1107968K
  class space    used 8015K, capacity 9540K, committed 9648K, reserved 1048576K
Event: 87533.928 GC heap after
Heap after GC invocations=3120 (full 6):
 PSYoungGen      total 1965568K, used 65728K [0x0000000740000000, 0x00000007c0000000, 0x00000007c0000000)
  eden space 1838080K, 0% used [0x0000000740000000,0x0000000740000000,0x00000007b0300000)
  from space 127488K, 51% used [0x00000007b8380000,0x00000007bc3b00e8,0x00000007c0000000)
  to   space 129536K, 0% used [0x00000007b0300000,0x00000007b0300000,0x00000007b8180000)
 ParOldGen       total 3194368K, used 3185334K [0x0000000640000000, 0x0000000702f80000, 0x0000000740000000)
  object space 3194368K, 99% used [0x0000000640000000,0x00000007026ad9f8,0x0000000702f80000)
 Metaspace       used 60518K, capacity 67427K, committed 67760K, reserved 1107968K
  class space    used 8015K, capacity 9540K, committed 9648K, reserved 1048576K
}
Event: 87533.928 GC heap before
{Heap before GC invocations=3121 (full 7):
 PSYoungGen      total 1965568K, used 65728K [0x0000000740000000, 0x00000007c0000000, 0x00000007c0000000)
  eden space 1838080K, 0% used [0x0000000740000000,0x0000000740000000,0x00000007b0300000)
  from space 127488K, 51% used [0x00000007b8380000,0x00000007bc3b00e8,0x00000007c0000000)
  to   space 129536K, 0% used [0x00000007b0300000,0x00000007b0300000,0x00000007b8180000)
 ParOldGen       total 3194368K, used 3185334K [0x0000000640000000, 0x0000000702f80000, 0x0000000740000000)
  object space 3194368K, 99% used [0x0000000640000000,0x00000007026ad9f8,0x0000000702f80000)
 Metaspace       used 60518K, capacity 67427K, committed 67760K, reserved 1107968K
  class space    used 8015K, capacity 9540K, committed 9648K, reserved 1048576K

